  pch.cpp
  LBP.cpp
c:\users\pimwu\source\repos\gpu-mog\consoleapplication5\LBP.hpp(185): error C4146: unary minus operator applied to unsigned type, result still unsigned
LBP.cpp(79): warning C4018: '<': signed/unsigned mismatch
LBP.cpp(117): warning C4018: '<': signed/unsigned mismatch
LBP.cpp(122): warning C4018: '<=': signed/unsigned mismatch
LBP.cpp(172): warning C4018: '<=': signed/unsigned mismatch
LBP.cpp(174): warning C4018: '<=': signed/unsigned mismatch
LBP.cpp(309): warning C4244: 'argument': conversion from 'double' to 'int', possible loss of data
LBP.cpp(310): warning C4244: 'argument': conversion from 'double' to 'int', possible loss of data
LBP.cpp(439): warning C4244: 'argument': conversion from 'double' to 'int', possible loss of data
LBP.cpp(446): warning C4018: '<': signed/unsigned mismatch
LBP.cpp(448): warning C4244: 'initializing': conversion from 'double' to 'float', possible loss of data
LBP.cpp(449): warning C4244: 'initializing': conversion from 'double' to 'float', possible loss of data
LBP.cpp(464): warning C4244: 'initializing': conversion from 'double' to 'int', possible loss of data
LBP.cpp(465): warning C4244: 'initializing': conversion from 'double' to 'int', possible loss of data
LBP.cpp(468): warning C4244: 'initializing': conversion from 'double' to 'int', possible loss of data
LBP.cpp(469): warning C4244: 'initializing': conversion from 'double' to 'int', possible loss of data
LBP.cpp(470): warning C4244: 'initializing': conversion from 'double' to 'float', possible loss of data
LBP.cpp(472): warning C4244: '=': conversion from 'double' to 'float', possible loss of data
LBP.cpp(481): warning C4244: 'initializing': conversion from 'double' to 'int', possible loss of data
LBP.cpp(482): warning C4244: 'initializing': conversion from 'double' to 'int', possible loss of data
LBP.cpp(483): warning C4244: 'argument': conversion from 'double' to 'int', possible loss of data
LBP.cpp(483): warning C4244: '=': conversion from 'double' to 'float', possible loss of data
LBP.cpp(535): warning C4838: conversion from 'unsigned int' to 'float' requires a narrowing conversion
LBP.cpp(535): warning C4244: 'initializing': conversion from 'unsigned int' to 'float', possible loss of data
LBP.cpp(575): warning C4267: '=': conversion from 'size_t' to 'unsigned int', possible loss of data
LBP.cpp(578): warning C4244: '=': conversion from 'double' to 'unsigned int', possible loss of data
LBP.cpp(614): warning C4018: '<': signed/unsigned mismatch
LBP.cpp(621): warning C4018: '<': signed/unsigned mismatch
  Source.cpp
c:\users\pimwu\source\repos\gpu-mog\consoleapplication5\read_directory.h(13): error C2664: 'HANDLE FindFirstFileW(LPCWSTR,LPWIN32_FIND_DATAW)': cannot convert argument 1 from 'const char *' to 'LPCWSTR'
  c:\users\pimwu\source\repos\gpu-mog\consoleapplication5\read_directory.h(13): note: Types pointed to are unrelated; conversion requires reinterpret_cast, C-style cast or function-style cast
c:\users\pimwu\source\repos\gpu-mog\consoleapplication5\read_directory.h(15): error C2664: 'void std::vector<std::string,std::allocator<_Ty>>::push_back(_Ty &&)': cannot convert argument 1 from 'WCHAR [260]' to 'const std::string &'
          with
          [
              _Ty=std::string
          ]
  c:\users\pimwu\source\repos\gpu-mog\consoleapplication5\read_directory.h(15): note: Reason: cannot convert from 'WCHAR [260]' to 'const std::string'
  c:\users\pimwu\source\repos\gpu-mog\consoleapplication5\read_directory.h(15): note: No constructor could take the source type, or constructor overload resolution was ambiguous
c:\users\pimwu\source\repos\gpu-mog\consoleapplication5\LBP.hpp(185): error C4146: unary minus operator applied to unsigned type, result still unsigned
Source.cpp(130): error C2039: 'BackgroundSubtractorMOG': is not a member of 'cv::cuda'
  C:\Users\pimwu\Downloads\opencv\build\include\opencv2/core/cuda.inl.hpp(51): note: see declaration of 'cv::cuda'
Source.cpp(130): error C2065: 'BackgroundSubtractorMOG': undeclared identifier
Source.cpp(130): error C2923: 'cv::Ptr': 'BackgroundSubtractorMOG' is not a valid template type argument for parameter 'T'
Source.cpp(130): error C2039: 'createBackgroundSubtractorMOG': is not a member of 'cv::cuda'
  C:\Users\pimwu\Downloads\opencv\build\include\opencv2/core/cuda.inl.hpp(51): note: see declaration of 'cv::cuda'
Source.cpp(130): error C3861: 'createBackgroundSubtractorMOG': identifier not found
Source.cpp(130): error C2514: 'cv::Ptr': class has no constructors
  C:\Users\pimwu\Downloads\opencv\build\include\opencv2/core/cvstd.hpp(262): note: see declaration of 'cv::Ptr'
Source.cpp(175): error C2039: 'cvtColor': is not a member of 'cv::cuda'
  C:\Users\pimwu\Downloads\opencv\build\include\opencv2/core/cuda.inl.hpp(51): note: see declaration of 'cv::cuda'
Source.cpp(180): error C2039: 'split': is not a member of 'cv::cuda'
  C:\Users\pimwu\Downloads\opencv\build\include\opencv2/core/cuda.inl.hpp(51): note: see declaration of 'cv::cuda'
Source.cpp(183): error C2039: 'normalize': is not a member of 'cv::cuda'
  C:\Users\pimwu\Downloads\opencv\build\include\opencv2/core/cuda.inl.hpp(51): note: see declaration of 'cv::cuda'
Source.cpp(185): error C2039: 'merge': is not a member of 'cv::cuda'
  C:\Users\pimwu\Downloads\opencv\build\include\opencv2/core/cuda.inl.hpp(51): note: see declaration of 'cv::cuda'
Source.cpp(189): error C2678: binary '->': no operator found which takes a left-hand operand of type 'cv::Ptr' (or there is no acceptable conversion)
  C:\Users\pimwu\Downloads\opencv\build\include\opencv2/core/cvstd.hpp(370): note: could be 'T *cv::Ptr<T>::operator ->(void) const'
  Source.cpp(189): note: while trying to match the argument list '(cv::Ptr)'
Source.cpp(189): error C2039: 'apply': is not a member of 'cv::Ptr'
  C:\Users\pimwu\Downloads\opencv\build\include\opencv2/core/cvstd.hpp(262): note: see declaration of 'cv::Ptr'
Source.cpp(192): error C2678: binary '->': no operator found which takes a left-hand operand of type 'cv::Ptr' (or there is no acceptable conversion)
  C:\Users\pimwu\Downloads\opencv\build\include\opencv2/core/cvstd.hpp(370): note: could be 'T *cv::Ptr<T>::operator ->(void) const'
  Source.cpp(192): note: while trying to match the argument list '(cv::Ptr)'
Source.cpp(192): error C2039: 'getBackgroundImage': is not a member of 'cv::Ptr'
  C:\Users\pimwu\Downloads\opencv\build\include\opencv2/core/cvstd.hpp(262): note: see declaration of 'cv::Ptr'
Source.cpp(194): error C2039: 'Filter': is not a member of 'cv::cuda'
  C:\Users\pimwu\Downloads\opencv\build\include\opencv2/core/cuda.inl.hpp(51): note: see declaration of 'cv::cuda'
Source.cpp(194): error C2065: 'Filter': undeclared identifier
Source.cpp(194): error C2923: 'cv::Ptr': 'Filter' is not a valid template type argument for parameter 'T'
Source.cpp(194): error C2039: 'createGaussianFilter': is not a member of 'cv::cuda'
  C:\Users\pimwu\Downloads\opencv\build\include\opencv2/core/cuda.inl.hpp(51): note: see declaration of 'cv::cuda'
Source.cpp(194): error C3861: 'createGaussianFilter': identifier not found
Source.cpp(194): error C2514: 'cv::Ptr': class has no constructors
  C:\Users\pimwu\Downloads\opencv\build\include\opencv2/core/cvstd.hpp(262): note: see declaration of 'cv::Ptr'
Source.cpp(195): error C2678: binary '->': no operator found which takes a left-hand operand of type 'cv::Ptr' (or there is no acceptable conversion)
  C:\Users\pimwu\Downloads\opencv\build\include\opencv2/core/cvstd.hpp(370): note: could be 'T *cv::Ptr<T>::operator ->(void) const'
  Source.cpp(195): note: while trying to match the argument list '(cv::Ptr)'
Source.cpp(195): error C2039: 'apply': is not a member of 'cv::Ptr'
  C:\Users\pimwu\Downloads\opencv\build\include\opencv2/core/cvstd.hpp(262): note: see declaration of 'cv::Ptr'
